evento   	hora	                 dia	  	 responsable   grupo   idJuego   nombreJuego                    descripci蚤                             
---------------------------------------------------------------------------------------------------------------------------------------------------------------------------------

Cargar   2014-05-29 15:13:37.096   2 de Junio   AMAIA ETXEBERRIA      A        1      BUSQUEDA DE MASCOTAS        Encontrar una mascota y acertar que mascota es.

Cargar   2014-05-29 15:13:37.098   3 de Junio   JONE UGARTE      A        2      DISFRAZ DE PIRATA        Pintar la espada, el brazalete y las gafas.

Cargar   2014-05-29 15:13:37.099   4 de Junio   ANE ZUBIA      A        6      COREOGRAFIA        Ensayar el baile de tres canciones.

Cargar   2014-05-29 15:13:37.101   5 de Junio   IKER MADRIGAL      A        10      DIA DEL CUENTO        Leer el libro de los tres mosqueteros.

Cargar   2014-05-29 15:13:37.102   6 de Junio   AMAIA ETXEBERRIA      A        5      SAN FERMINES        Realizar una muy peque人 corrida de toros.

Cargar   2014-05-29 15:14:42.778                                  A        1      BUSQUEDA DE MASCOTAS        Encontrar una mascota y acertar que mascota es.

Cargar   2014-05-29 15:14:42.78                                  A        2      DISFRAZ DE PIRATA        Pintar la espada, el brazalete y las gafas.

Cargar   2014-05-29 15:14:42.781                                  B        3      SAN FERMINES        Hacer la corrida de toros pasandolo bien.

Cargar   2014-05-29 15:14:42.782                                  B        4      DIA DEL AGUA        Jugar con las pistolas de agua y nadar en las piscinas.

Cargar   2014-05-29 15:14:42.784                                  A        5      SAN FERMINES        Realizar una muy peque人 corrida de toros.

Cargar   2014-05-29 15:14:42.785                                  A        6      COREOGRAFIA        Ensayar el baile de tres canciones.

Cargar   2014-05-29 15:14:42.786                                  B        7      GUARDIAS Y LADRONES        Los guardias tendran que atrapar a los ladrones.

Cargar   2014-05-29 15:14:42.787                                  B        8      PLAY-MAIS        Pintar o rellenar con Play-Mais los animales marinos.

Cargar   2014-05-29 15:14:42.789                                  B        9      GINCANA        Se repetiran dos animales diferentes de la selva para crear 

Cargar   2014-05-29 15:14:42.79                                  A        10      DIA DEL CUENTO        Leer el libro de los tres mosqueteros.

Editar   2014-05-29 15:15:26.041   3 de Junio   ITZIAR ZELAIA      B        7      GUARDIAS Y LADRONES        Los guardias tendran atrapar a los ladrones.

Cargar   2014-05-29 15:15:43.655                                  A        1      BUSQUEDA DE MASCOTAS        Encontrar una mascota y acertar que mascota es.

Cargar   2014-05-29 15:15:43.657                                  A        2      DISFRAZ DE PIRATA        Pintar la espada, el brazalete y las gafas.

Cargar   2014-05-29 15:15:43.658                                  B        3      SAN FERMINES        Hacer la corrida de toros pasandolo bien.

Cargar   2014-05-29 15:15:43.66                                  B        4      DIA DEL AGUA        Jugar con las pistolas de agua y nadar en las piscinas.

Cargar   2014-05-29 15:15:43.661                                  A        5      SAN FERMINES        Realizar una muy peque人 corrida de toros.

Cargar   2014-05-29 15:15:43.662                                  A        6      COREOGRAFIA        Ensayar el baile de tres canciones.

Cargar   2014-05-29 15:15:43.663                                  B        8      PLAY-MAIS        Pintar o rellenar con Play-Mais los animales marinos.

Cargar   2014-05-29 15:15:43.665                                  B        9      GINCANA        Se repetiran dos animales diferentes de la selva para crear 

Cargar   2014-05-29 15:15:43.666                                  A        10      DIA DEL CUENTO        Leer el libro de los tres mosqueteros.

Editar   2014-05-29 15:16:07.525   2 de Junio   MARIA LARRA헤GA      B        8      PLAYMAIS        Pintar o rellenar con PlayMais los animales marinos.

Cargar   2014-05-29 15:16:48.07   2 de Junio   MARIA LARRA헤GA      B        8      PLAYMAIS        Pintar o rellenar con PlayMais los animales marinos.

Cargar   2014-05-29 15:16:48.071   3 de Junio   ITZIAR ZELAIA      B        7      GUARDIAS Y LADRONES        Los guardias tendran atrapar a los ladrones.

Cargar   2014-05-29 15:16:48.072   4 de Junio   ISABEL GARCIA      B        4      DIA DEL AGUA        Jugar con las pistolas de agua y nadar en las piscinas.

Cargar   2014-05-29 15:16:48.074   5 de Junio   MAITANE GUTIERREZ      B        9      GINCANA        Se repetiran dos animales diferentes de la selva para crear 

Cargar   2014-05-29 15:16:48.075   6 de Junio   ITZIAR ZELAIA      B        3      SAN FERMINES        Hacer la corrida de toros pasandolo bien.

Cargar   2015-03-31 23:12:19.978   2 de Junio   MARIA LARRA헤GA      B        8      PLAYMAIS        Pintar o rellenar con PlayMais los animales.

Cargar   2015-03-31 23:12:19.988   3 de Junio   ITZIAR ZELAIA      B        7      GUARDIAS Y LADRONES        Los guardias tendran atrapar a los ladrones.

Cargar   2015-03-31 23:12:19.988   4 de Junio   ISABEL GARCIA      B        4      DIA DEL AGUA        Jugar con las pistolas de agua y nadar en las piscinas.

Cargar   2015-03-31 23:12:19.988   5 de Junio   MAITANE GUTIERREZ      B        9      GINCANA        Se repetiran dos animales diferentes de la selva para crear 

Cargar   2015-03-31 23:12:19.988   6 de Junio   ITZIAR ZELAIA      B        3      SAN FERMINES        Hacer la corrida de toros pasandolo bien.

Cargar   2015-03-31 23:12:24.81   2 de Junio   AMAIA ETXEBERRIA      A        1      BUSQUEDA DE MASCOTAS        Encontrar una mascota y acertar la mascota.

Cargar   2015-03-31 23:12:24.81   4 de Junio   ANE ZUBIA      A        6      COREOGRAFIA        Ensayar el baile de tres canciones.

Cargar   2015-03-31 23:12:24.81   5 de Junio   IKER MADRIGAL      A        10      DIA DEL CUENTO        Leer el libro de los tres mosqueteros.

Cargar   2015-03-31 23:12:24.81   6 de Junio   AMAIA ETXEBERRIA      A        5      SAN FERMINES        Realizar una muy peque人 corrida de toros.

Cargar   2015-03-31 23:12:28.993   2 de Junio   MARIA LARRA헤GA      B        8      PLAYMAIS        Pintar o rellenar con PlayMais los animales.

Cargar   2015-03-31 23:12:28.993   3 de Junio   ITZIAR ZELAIA      B        7      GUARDIAS Y LADRONES        Los guardias tendran atrapar a los ladrones.

Cargar   2015-03-31 23:12:28.993   4 de Junio   ISABEL GARCIA      B        4      DIA DEL AGUA        Jugar con las pistolas de agua y nadar en las piscinas.

Cargar   2015-03-31 23:12:28.993   5 de Junio   MAITANE GUTIERREZ      B        9      GINCANA        Se repetiran dos animales diferentes de la selva para crear 

Cargar   2015-03-31 23:12:28.993   6 de Junio   ITZIAR ZELAIA      B        3      SAN FERMINES        Hacer la corrida de toros pasandolo bien.

Cargar   2015-03-31 23:12:32.798   2 de Junio   AMAIA ETXEBERRIA      A        1      BUSQUEDA DE MASCOTAS        Encontrar una mascota y acertar la mascota.

Cargar   2015-03-31 23:12:32.798   4 de Junio   ANE ZUBIA      A        6      COREOGRAFIA        Ensayar el baile de tres canciones.

Cargar   2015-03-31 23:12:32.808   5 de Junio   IKER MADRIGAL      A        10      DIA DEL CUENTO        Leer el libro de los tres mosqueteros.

Cargar   2015-03-31 23:12:32.808   6 de Junio   AMAIA ETXEBERRIA      A        5      SAN FERMINES        Realizar una muy peque人 corrida de toros.

Cargar   2015-03-31 23:14:04.614   2 de Junio   MARIA LARRA헤GA      B        8      PLAYMAIS        Pintar o rellenar con PlayMais los animales.

Cargar   2015-03-31 23:14:04.614   3 de Junio   ITZIAR ZELAIA      B        7      GUARDIAS Y LADRONES        Los guardias tendran atrapar a los ladrones.

Cargar   2015-03-31 23:14:04.614   4 de Junio   ISABEL GARCIA      B        4      DIA DEL AGUA        Jugar con las pistolas de agua y nadar en las piscinas.

Cargar   2015-03-31 23:14:04.614   5 de Junio   MAITANE GUTIERREZ      B        9      GINCANA        Se repetiran dos animales diferentes de la selva para crear 

Cargar   2015-03-31 23:14:04.614   6 de Junio   ITZIAR ZELAIA      B        3      SAN FERMINES        Hacer la corrida de toros pasandolo bien.

Cargar   2015-03-31 23:14:08.148   2 de Junio   AMAIA ETXEBERRIA      A        1      BUSQUEDA DE MASCOTAS        Encontrar una mascota y acertar la mascota.

Cargar   2015-03-31 23:14:08.148   4 de Junio   ANE ZUBIA      A        6      COREOGRAFIA        Ensayar el baile de tres canciones.

Cargar   2015-03-31 23:14:08.148   5 de Junio   IKER MADRIGAL      A        10      DIA DEL CUENTO        Leer el libro de los tres mosqueteros.

Cargar   2015-03-31 23:14:08.148   6 de Junio   AMAIA ETXEBERRIA      A        5      SAN FERMINES        Realizar una muy peque人 corrida de toros.

Cargar   2015-03-31 23:15:58.628   2 de Junio   AMAIA ETXEBERRIA      A        1      BUSQUEDA DE MASCOTAS        Encontrar una mascota y acertar la mascota.

Cargar   2015-03-31 23:15:58.628   4 de Junio   ANE ZUBIA      A        6      COREOGRAFIA        Ensayar el baile de tres canciones.

Cargar   2015-03-31 23:15:58.628   5 de Junio   IKER MADRIGAL      A        10      DIA DEL CUENTO        Leer el libro de los tres mosqueteros.

Cargar   2015-03-31 23:15:58.628   6 de Junio   AMAIA ETXEBERRIA      A        5      SAN FERMINES        Realizar una muy peque人 corrida de toros.

Cargar   2015-03-31 23:16:01.562   2 de Junio   MARIA LARRA헤GA      B        8      PLAYMAIS        Pintar o rellenar con PlayMais los animales.

Cargar   2015-03-31 23:16:01.562   3 de Junio   ITZIAR ZELAIA      B        7      GUARDIAS Y LADRONES        Los guardias tendran atrapar a los ladrones.

Cargar   2015-03-31 23:16:01.572   4 de Junio   ISABEL GARCIA      B        4      DIA DEL AGUA        Jugar con las pistolas de agua y nadar en las piscinas.

Cargar   2015-03-31 23:16:01.572   5 de Junio   MAITANE GUTIERREZ      B        9      GINCANA        Se repetiran dos animales diferentes de la selva para crear 

Cargar   2015-03-31 23:16:01.572   6 de Junio   ITZIAR ZELAIA      B        3      SAN FERMINES        Hacer la corrida de toros pasandolo bien.

